2025-08-05 17:07:20.032  INFO 15048 --- [main] com.example.SwaggerApplication           : Starting SwaggerApplication using Java 1.8.0_131 on Hola-UI with PID 15048 (D:\Downloads\SwaggerDemo\target\classes started by Admin in D:\Downloads\SwaggerDemo)
2025-08-05 17:07:20.037  INFO 15048 --- [main] com.example.SwaggerApplication           : The following 1 profile is active: "dev"
2025-08-05 17:07:20.626  INFO 15048 --- [main] .s.d.r.c.RepositoryConfigurationDelegate : Bootstrapping Spring Data JPA repositories in DEFAULT mode.
2025-08-05 17:07:20.640  INFO 15048 --- [main] .s.d.r.c.RepositoryConfigurationDelegate : Finished Spring Data repository scanning in 6 ms. Found 0 JPA repository interfaces.
2025-08-05 17:07:20.933  INFO 15048 --- [main] o.s.b.w.embedded.tomcat.TomcatWebServer  : Tomcat initialized with port(s): 5555 (http)
2025-08-05 17:07:20.938  INFO 15048 --- [main] o.apache.catalina.core.StandardService   : Starting service [Tomcat]
2025-08-05 17:07:20.938  INFO 15048 --- [main] org.apache.catalina.core.StandardEngine  : Starting Servlet engine: [Apache Tomcat/9.0.68]
2025-08-05 17:07:21.039  INFO 15048 --- [main] o.a.c.c.C.[Tomcat].[localhost].[/]       : Initializing Spring embedded WebApplicationContext
2025-08-05 17:07:21.039  INFO 15048 --- [main] w.s.c.ServletWebServerApplicationContext : Root WebApplicationContext: initialization completed in 966 ms
2025-08-05 17:07:21.197  INFO 15048 --- [main] o.hibernate.jpa.internal.util.LogHelper  : HHH000204: Processing PersistenceUnitInfo [name: default]
2025-08-05 17:07:21.226  INFO 15048 --- [main] org.hibernate.Version                    : HHH000412: Hibernate ORM core version 5.6.12.Final
2025-08-05 17:07:21.395  INFO 15048 --- [main] o.hibernate.annotations.common.Version   : HCANN000001: Hibernate Commons Annotations {5.1.2.Final}
2025-08-05 17:07:21.571  INFO 15048 --- [main] com.alibaba.druid.pool.DruidDataSource   : {dataSource-1} inited
2025-08-05 17:07:21.581  INFO 15048 --- [main] org.hibernate.dialect.Dialect            : HHH000400: Using dialect: org.hibernate.dialect.MySQL8Dialect
2025-08-05 17:07:21.968  INFO 15048 --- [main] o.h.e.t.j.p.i.JtaPlatformInitiator       : HHH000490: Using JtaPlatform implementation: [org.hibernate.engine.transaction.jta.platform.internal.NoJtaPlatform]
2025-08-05 17:07:21.973  INFO 15048 --- [main] j.LocalContainerEntityManagerFactoryBean : Initialized JPA EntityManagerFactory for persistence unit 'default'
2025-08-05 17:07:22.527  WARN 15048 --- [main] JpaBaseConfiguration$JpaWebConfiguration : spring.jpa.open-in-view is enabled by default. Therefore, database queries may be performed during view rendering. Explicitly configure spring.jpa.open-in-view to disable this warning
2025-08-05 17:07:22.609  INFO 15048 --- [main] pertySourcedRequestMappingHandlerMapping : Mapped URL path [/v2/api-docs] onto method [springfox.documentation.swagger2.web.Swagger2Controller#getDocumentation(String, HttpServletRequest)]
2025-08-05 17:07:22.838  INFO 15048 --- [main] o.s.b.w.embedded.tomcat.TomcatWebServer  : Tomcat started on port(s): 5555 (http) with context path ''
2025-08-05 17:07:22.838  INFO 15048 --- [main] d.s.w.p.DocumentationPluginsBootstrapper : Context refreshed
2025-08-05 17:07:22.850  INFO 15048 --- [main] d.s.w.p.DocumentationPluginsBootstrapper : Found 1 custom documentation plugin(s)
2025-08-05 17:07:22.868  INFO 15048 --- [main] s.d.s.w.s.ApiListingReferenceScanner     : Scanning for api listing references
2025-08-05 17:07:23.158  INFO 15048 --- [main] .d.s.w.r.o.CachingOperationNameGenerator : Generating unique operation named: deleteUsingGET_1
2025-08-05 17:07:23.161  INFO 15048 --- [main] .d.s.w.r.o.CachingOperationNameGenerator : Generating unique operation named: deleteBatchUsingPOST_1
2025-08-05 17:07:23.165  INFO 15048 --- [main] .d.s.w.r.o.CachingOperationNameGenerator : Generating unique operation named: findAllUsingGET_1
2025-08-05 17:07:23.168  INFO 15048 --- [main] .d.s.w.r.o.CachingOperationNameGenerator : Generating unique operation named: getUsingGET_1
2025-08-05 17:07:23.173  INFO 15048 --- [main] .d.s.w.r.o.CachingOperationNameGenerator : Generating unique operation named: pageUsingGET_1
2025-08-05 17:07:23.178  INFO 15048 --- [main] .d.s.w.r.o.CachingOperationNameGenerator : Generating unique operation named: saveUsingPOST_1
2025-08-05 17:07:23.181  INFO 15048 --- [main] .d.s.w.r.o.CachingOperationNameGenerator : Generating unique operation named: deleteUsingGET_2
2025-08-05 17:07:23.183  INFO 15048 --- [main] .d.s.w.r.o.CachingOperationNameGenerator : Generating unique operation named: deleteBatchUsingPOST_2
2025-08-05 17:07:23.188  INFO 15048 --- [main] .d.s.w.r.o.CachingOperationNameGenerator : Generating unique operation named: findAllUsingGET_2
2025-08-05 17:07:23.193  INFO 15048 --- [main] .d.s.w.r.o.CachingOperationNameGenerator : Generating unique operation named: getUsingGET_2
2025-08-05 17:07:23.198  INFO 15048 --- [main] .d.s.w.r.o.CachingOperationNameGenerator : Generating unique operation named: pageUsingGET_2
2025-08-05 17:07:23.201  INFO 15048 --- [main] .d.s.w.r.o.CachingOperationNameGenerator : Generating unique operation named: saveUsingPOST_2
2025-08-05 17:07:23.205  INFO 15048 --- [main] .d.s.w.r.o.CachingOperationNameGenerator : Generating unique operation named: deleteUsingGET_3
2025-08-05 17:07:23.206  INFO 15048 --- [main] .d.s.w.r.o.CachingOperationNameGenerator : Generating unique operation named: deleteBatchUsingPOST_3
2025-08-05 17:07:23.210  INFO 15048 --- [main] .d.s.w.r.o.CachingOperationNameGenerator : Generating unique operation named: findAllUsingGET_3
2025-08-05 17:07:23.213  INFO 15048 --- [main] .d.s.w.r.o.CachingOperationNameGenerator : Generating unique operation named: getUsingGET_3
2025-08-05 17:07:23.216  INFO 15048 --- [main] .d.s.w.r.o.CachingOperationNameGenerator : Generating unique operation named: pageUsingGET_3
2025-08-05 17:07:23.220  INFO 15048 --- [main] .d.s.w.r.o.CachingOperationNameGenerator : Generating unique operation named: saveUsingPOST_3
2025-08-05 17:07:23.236  INFO 15048 --- [main] com.example.SwaggerApplication           : Started SwaggerApplication in 3.568 seconds (JVM running for 4.132)
2025-08-05 17:07:27.486  INFO 15048 --- [http-nio-5555-exec-1] o.a.c.c.C.[Tomcat].[localhost].[/]       : Initializing Spring DispatcherServlet 'dispatcherServlet'
2025-08-05 17:07:27.486  INFO 15048 --- [http-nio-5555-exec-1] o.s.web.servlet.DispatcherServlet        : Initializing Servlet 'dispatcherServlet'
2025-08-05 17:07:27.487  INFO 15048 --- [http-nio-5555-exec-1] o.s.web.servlet.DispatcherServlet        : Completed initialization in 1 ms
